<?xml version="1.0" encoding="UTF-8"?>
<!-- Generated by org.testng.reporters.JUnitXMLReporter -->
<testsuite hostname="Draxayani-PC" name="suite12" tests="3" failures="0" timestamp="5 Sep 2014 06:26:19 GMT" time="476.986" errors="0">
  <testcase name="verify" time="145.787" classname="com.adv.qa.selenium.tests.currency.A031_Company_ControlsTest"/>
  <testcase name="verify" time="153.991" classname="com.adv.qa.selenium.tests.currency.A030_Security_ElementsTest"/>
  <testcase name="verify" time="428.901" classname="com.adv.qa.selenium.tests.currency.A032_Management_CodesTest"/>
</testsuite> <!-- suite12 -->
