<?xml version="1.0" encoding="UTF-8"?>
<!-- Generated by org.testng.reporters.JUnitXMLReporter -->
<testsuite hostname="Draxayani-PC" name="suite6" tests="2" failures="0" timestamp="5 Sep 2014 05:07:43 GMT" time="213.933" errors="0">
  <testcase name="verify" time="155.859" classname="com.adv.qa.selenium.tests.currency.A016A_Normal_Balance_Sheet_GroupsTest"/>
  <testcase name="verify" time="182.454" classname="com.adv.qa.selenium.tests.currency.A016_Normal_Balance_Sheet_GroupsTest"/>
</testsuite> <!-- suite6 -->
