<?xml version="1.0" encoding="UTF-8"?>
<!-- Generated by org.testng.reporters.JUnitXMLReporter -->
<testsuite hostname="Draxayani-PC" name="suite11" tests="4" failures="0" timestamp="5 Sep 2014 06:18:22 GMT" time="962.259" errors="0">
  <testcase name="verify" time="243.676" classname="com.adv.qa.selenium.tests.currency.A026_Layout_CodesTest"/>
  <testcase name="verify" time="106.524" classname="com.adv.qa.selenium.tests.currency.A027_Default_StructureTest"/>
  <testcase name="verify" time="122.747" classname="com.adv.qa.selenium.tests.currency.A028_Default_Structure_ControlsTest"/>
  <testcase name="verify" time="399.485" classname="com.adv.qa.selenium.tests.currency.A029_Default_Structure_ElementsTest"/>
</testsuite> <!-- suite11 -->
