<?xml version="1.0" encoding="UTF-8"?>
<!-- Generated by org.testng.reporters.JUnitXMLReporter -->
<testsuite hostname="Draxayani-PC" name="suite20" tests="2" failures="0" timestamp="5 Sep 2014 07:00:53 GMT" time="511.003" errors="0">
  <testcase name="verify" time="124.304" classname="com.adv.qa.selenium.tests.currency.phase2.A050_Accounts_Payable_Control_AccountsTest"/>
  <testcase name="verify" time="482.06" classname="com.adv.qa.selenium.tests.currency.phase2.A051A_Purchase_Ledger_Bank_CodesTest"/>
</testsuite> <!-- suite20 -->
