<?xml version="1.0" encoding="UTF-8"?>
<!-- Generated by org.testng.reporters.JUnitXMLReporter -->
<testsuite hostname="Draxayani-PC" name="suite2" tests="4" failures="0" timestamp="28 Aug 2014 04:34:45 GMT" time="1141.778" errors="0">
  <testcase name="verify" time="168.1" classname="com.adv.qa.selenium.tests.currency.A002_Currency_DescriptionTest"/>
  <testcase name="verify" time="255.139" classname="com.adv.qa.selenium.tests.currency.A003_Currency_Base_NonBase_RelationshipsTest"/>
  <testcase name="verify" time="269.472" classname="com.adv.qa.selenium.tests.currency.A004_Currency_Exchange_Rate_TypesTest"/>
  <testcase name="verify" time="363.226" classname="com.adv.qa.selenium.tests.currency.A005_Currency_Exchange_RatesTest"/>
</testsuite> <!-- suite2 -->
