<?xml version="1.0" encoding="UTF-8"?>
<!-- Generated by org.testng.reporters.JUnitXMLReporter -->
<testsuite hostname="Draxayani-PC" name="suite17" tests="2" failures="0" timestamp="5 Sep 2014 06:43:43 GMT" time="565.958" errors="0">
  <testcase name="verify" time="377.457" classname="com.adv.qa.selenium.tests.currency.phase2.A043_Insert_Tax_CodesTest"/>
  <testcase name="verify" time="151.954" classname="com.adv.qa.selenium.tests.currency.phase2.A044_TAX_Rates_by_Tax_CodesTest"/>
</testsuite> <!-- suite17 -->
