<?xml version="1.0" encoding="UTF-8"?>
<!-- Generated by org.testng.reporters.JUnitXMLReporter -->
<testsuite hostname="Draxayani-PC" name="suite15" tests="2" failures="0" timestamp="5 Sep 2014 06:34:17 GMT" time="192.209" errors="0">
  <testcase name="verify" time="119.275" classname="com.adv.qa.selenium.tests.currency.A037_ICA_Default_Trading_RelationshipsTest"/>
  <testcase name="verify" time="173.645" classname="com.adv.qa.selenium.tests.currency.A036_BTZ_Elements_For_ICA_StructureTest"/>
</testsuite> <!-- suite15 -->
