<?xml version="1.0" encoding="UTF-8"?>
<!-- Generated by org.testng.reporters.JUnitXMLReporter -->
<testsuite hostname="Draxayani-PC" name="suite9" tests="4" failures="0" timestamp="5 Sep 2014 05:42:43 GMT" time="852.296" errors="0">
  <testcase name="verify" time="106.13" classname="com.adv.qa.selenium.tests.currency.A020_Ledger_Control_AccountsTest"/>
  <testcase name="verify" time="163.585" classname="com.adv.qa.selenium.tests.currency.A021_Batch_TypesTest"/>
  <testcase name="verify" time="336.789" classname="com.adv.qa.selenium.tests.currency.A022_Balance_ClassesTest"/>
  <testcase name="verify" time="155.225" classname="com.adv.qa.selenium.tests.currency.A023_Company_ControlsTest"/>
</testsuite> <!-- suite9 -->
