<?xml version="1.0" encoding="UTF-8"?>
<!-- Generated by org.testng.reporters.JUnitXMLReporter -->
<testsuite hostname="Draxayani-PC" name="suite21" tests="5" failures="0" timestamp="5 Sep 2014 07:04:35 GMT" time="221.388" errors="0">
  <testcase name="verify" time="97.071" classname="com.adv.qa.selenium.tests.currency.phase2.A054_Discount_TermsTest"/>
  <testcase name="verify" time="91.219" classname="com.adv.qa.selenium.tests.currency.phase2.A053_Category_CodeTest"/>
  <testcase name="verify" time="91.411" classname="com.adv.qa.selenium.tests.currency.phase2.A052_Tax_AccountsTest"/>
  <testcase name="verify" time="148.898" classname="com.adv.qa.selenium.tests.currency.phase2.A055_Settlement_TermsTest"/>
  <testcase name="verify" time="201.134" classname="com.adv.qa.selenium.tests.currency.phase2.A051_Purchase_Ledger_Bank_CodesTest"/>
</testsuite> <!-- suite21 -->
