<?xml version="1.0" encoding="UTF-8"?>
<!-- Generated by org.testng.reporters.JUnitXMLReporter -->
<testsuite hostname="Draxayani-PC" name="suite7" tests="2" failures="0" timestamp="5 Sep 2014 05:16:37 GMT" time="533.226" errors="0">
  <testcase name="verify" time="496.851" classname="com.adv.qa.selenium.tests.currency.A017_Normal_Balance_Sheet_CategoriesTest"/>
  <testcase name="verify" time="496.382" classname="com.adv.qa.selenium.tests.currency.A017A_Normal_Balance_Sheet_CategoriesTest"/>
</testsuite> <!-- suite7 -->
