<?xml version="1.0" encoding="UTF-8"?>
<!-- Generated by org.testng.reporters.JUnitXMLReporter -->
<testsuite hostname="Draxayani-PC" name="suite8" tests="5" failures="0" timestamp="5 Sep 2014 05:28:30 GMT" time="713.635" errors="0">
  <testcase name="verify" time="522.297" classname="com.adv.qa.selenium.tests.currency.A018A_Ledger_Control_Nominals"/>
  <testcase name="verify" time="522.417" classname="com.adv.qa.selenium.tests.currency.A018_Ledger_Control_Nominals"/>
  <testcase name="verify" time="572.785" classname="com.adv.qa.selenium.tests.currency.A018B_Ledger_Control_Nominals"/>
  <testcase name="verify" time="116.708" classname="com.adv.qa.selenium.tests.currency.A019_Ledger_Control_Management_CodeTest"/>
  <testcase name="verify" time="667.072" classname="com.adv.qa.selenium.tests.currency.A018C_Ledger_Control_Nominals"/>
</testsuite> <!-- suite8 -->
