<?xml version="1.0" encoding="UTF-8"?>
<!-- Generated by org.testng.reporters.JUnitXMLReporter -->
<testsuite hostname="Draxayani-PC" name="suite3" tests="4" failures="0" timestamp="28 Aug 2014 04:38:32 GMT" time="227.109" errors="0">
  <testcase name="verify" time="58.652" classname="com.adv.qa.selenium.tests.currency.A007_DevicesTest"/>
  <testcase name="verify" time="75.32" classname="com.adv.qa.selenium.tests.currency.A008_DestinationsTest"/>
  <testcase name="verify" time="124.5" classname="com.adv.qa.selenium.tests.currency.A009_Distribution_ProfileTest"/>
  <testcase name="verify" time="115.309" classname="com.adv.qa.selenium.tests.currency.A010_Environment_Groups_Test"/>
</testsuite> <!-- suite3 -->
