<?xml version="1.0" encoding="UTF-8"?>
<!-- Generated by org.testng.reporters.JUnitXMLReporter -->
<testsuite hostname="Draxayani-PC" name="suite18" tests="4" failures="0" timestamp="5 Sep 2014 06:50:15 GMT" time="392.541" errors="0">
  <testcase name="verify" time="59.232" classname="com.adv.qa.selenium.tests.currency.phase2.A045_BACS_CalendarTest"/>
  <testcase name="verify" time="122.958" classname="com.adv.qa.selenium.tests.currency.phase2.A046_Bank_Account_Names_for_PurchasingTest"/>
  <testcase name="verify" time="253.226" classname="com.adv.qa.selenium.tests.currency.phase2.A048_UOMTest"/>
  <testcase name="verify" time="353.143" classname="com.adv.qa.selenium.tests.currency.phase2.A047_Accounts_Payable_Batch_TypesTest"/>
</testsuite> <!-- suite18 -->
